<?xml version="1.0" encoding="UTF-8"?>
<!-- Generated by org.testng.reporters.JUnitXMLReporter -->
<testsuite ignored="0" hostname="LLKRPF11JDAP" failures="0" tests="2" name="NegativeTests" time="16.547" errors="0" timestamp="2020-12-31T09:47:34 CET">
  <testcase classname="com.herokuapp.theinternet.NegativeTests" name="negativePasswordTest" time="9.198"/>
  <testcase classname="com.herokuapp.theinternet.NegativeTests" name="negativeUsernameTest" time="7.345"/>
</testsuite> <!-- NegativeTests -->
