<?xml version="1.0" encoding="UTF-8"?>
<!-- Generated by org.testng.reporters.JUnitXMLReporter -->
<testsuite ignored="1" hostname="LLKRPF11JDAP" failures="0" tests="1" name="NegativePasswordTest@Chrome" time="8.836" errors="0" timestamp="2021-01-02T15:55:07 CET">
  <testcase classname="com.herokuapp.theinternet.LoginTestsCombined" name="negativeLoginTest" time="2.778"/>
  <testcase classname="com.herokuapp.theinternet.LoginTestsCombined" name="positiveLoginTest" time="0.0">
    <ignored/>
  </testcase> <!-- positiveLoginTest -->
</testsuite> <!-- NegativePasswordTest@Chrome -->
