<?xml version="1.0" encoding="UTF-8"?>
<!-- Generated by org.testng.reporters.JUnitXMLReporter -->
<testsuite ignored="1" hostname="LLKRPF11JDAP" failures="0" tests="1" name="NegativeUsernameTest@Chrome" time="9.328" errors="0" timestamp="2021-01-02T15:54:51 CET">
  <testcase classname="com.herokuapp.theinternet.LoginTestsCombined" name="negativeLoginTest" time="2.809"/>
  <testcase classname="com.herokuapp.theinternet.LoginTestsCombined" name="positiveLoginTest" time="0.0">
    <ignored/>
  </testcase> <!-- positiveLoginTest -->
</testsuite> <!-- NegativeUsernameTest@Chrome -->
