<?xml version="1.0" encoding="UTF-8"?>
<!-- Generated by org.testng.reporters.JUnitXMLReporter -->
<testsuite ignored="1" hostname="LLKRPF11JDAP" failures="0" tests="1" name="PositiveTest" time="13.478" errors="0" timestamp="2021-01-01T12:50:56 CET">
  <testcase classname="com.herokuapp.theinternet.LoginTestsCombined" name="positiveLoginTest" time="3.489"/>
  <testcase classname="com.herokuapp.theinternet.LoginTestsCombined" name="negativeLoginTest" time="0.0">
    <ignored/>
  </testcase> <!-- negativeLoginTest -->
</testsuite> <!-- PositiveTest -->
