<?xml version="1.0" encoding="UTF-8"?>
<!-- Generated by org.testng.reporters.JUnitXMLReporter -->
<testsuite ignored="1" hostname="LLKRPF11JDAP" failures="0" tests="1" name="NegativeTests" time="6.949" errors="0" timestamp="2020-12-31T10:13:26 CET">
  <testcase classname="com.herokuapp.theinternet.NegativeTests" name="negativeUsernameTest" time="6.946"/>
  <testcase classname="com.herokuapp.theinternet.NegativeTests" name="negativePasswordTest" time="0.0">
    <ignored/>
  </testcase> <!-- negativePasswordTest -->
</testsuite> <!-- NegativeTests -->
